<?xml version="1.0" encoding="UTF-8"?>
<!-- Generated by org.testng.reporters.JUnitReportReporter -->
<testsuite hostname="victus" failures="0" tests="1" name="runner.TestExtentReport" time="13.038" errors="0" timestamp="2025-08-25T10:25:50 IST" skipped="0">
  <testcase classname="runner.TestExtentReport" name="test1" time="13.038"/>
</testsuite> <!-- runner.TestExtentReport -->
