<?xml version="1.0" encoding="UTF-8"?>
<!-- Generated by org.testng.reporters.JUnitReportReporter -->
<testsuite hostname="victus" failures="0" tests="1" name="runner.TestScreenshot" time="18.190" errors="0" timestamp="2025-08-25T12:52:17 IST" skipped="0">
  <testcase classname="runner.TestScreenshot" name="takeScreenshot" time="18.190"/>
</testsuite> <!-- runner.TestScreenshot -->
