<?xml version="1.0" encoding="UTF-8"?>
<!-- Generated by org.testng.reporters.JUnitReportReporter -->
<testsuite hostname="victus" failures="0" tests="1" name="runner.SeleniumLog4jTest" time="4.742" errors="0" timestamp="2025-08-25T13:15:44 IST" skipped="0">
  <testcase classname="runner.SeleniumLog4jTest" name="openExampleDotCom" time="4.742"/>
</testsuite> <!-- runner.SeleniumLog4jTest -->
